build/app/intermediates/manifest_merge_blame_file/debug/manifest-merger-blame-debug-report.txt
1<?xml version="1.0" encoding="utf-8"?>
2<manifest xmlns:android="http://schemas.android.com/apk/res/android"
3    package="com.fire.docme"
4    android:versionCode="1"
5    android:versionName="1.0.0" >
6
7    <uses-sdk
8        android:minSdkVersion="16"
9        android:targetSdkVersion="29" />
10    <!--
11         Flutter needs it to communicate with the running application
12         to allow setting breakpoints, to provide hot reload, etc.
13    -->
14    <uses-permission android:name="android.permission.INTERNET" />
14-->src\debug\AndroidManifest.xml:6:5-66
14-->src\debug\AndroidManifest.xml:6:22-64
15    <uses-permission android:name="android.permission.ACCESS_NETWORK_STATE" />
15-->[com.google.android.gms:play-services-measurement:17.2.2] AndroidManifest.xml:24:5-79
15-->[com.google.android.gms:play-services-measurement:17.2.2] AndroidManifest.xml:24:22-76
16    <uses-permission android:name="android.permission.WAKE_LOCK" />
16-->[com.google.android.gms:play-services-measurement:17.2.2] AndroidManifest.xml:25:5-68
16-->[com.google.android.gms:play-services-measurement:17.2.2] AndroidManifest.xml:25:22-65
17    <uses-permission android:name="com.google.android.finsky.permission.BIND_GET_INSTALL_REFERRER_SERVICE" /> <!-- Required by older versions of Google Play services to create IID tokens -->
17-->[com.google.android.gms:play-services-measurement:17.2.2] AndroidManifest.xml:26:5-110
17-->[com.google.android.gms:play-services-measurement:17.2.2] AndroidManifest.xml:26:22-107
18    <uses-permission android:name="com.google.android.c2dm.permission.RECEIVE" />
18-->[com.google.firebase:firebase-iid:20.0.2] AndroidManifest.xml:26:5-82
18-->[com.google.firebase:firebase-iid:20.0.2] AndroidManifest.xml:26:22-79
19
20    <uses-feature
20-->[com.google.android.gms:play-services-maps:16.1.0] AndroidManifest.xml:26:5-28:35
21        android:glEsVersion="0x00020000"
21-->[com.google.android.gms:play-services-maps:16.1.0] AndroidManifest.xml:27:9-41
22        android:required="true" />
22-->[com.google.android.gms:play-services-maps:16.1.0] AndroidManifest.xml:28:9-32
23    <!--
24 io.flutter.app.FlutterApplication is an android.app.Application that
25         calls FlutterMain.startInitialization(this); in its onCreate method.
26         In most cases you can leave this as-is, but you if you want to provide
27         additional functionality it is fine to subclass or reimplement
28         FlutterApplication and put your custom class here.
29    -->
30    <application
30-->src\main\AndroidManifest.xml:8:5-48:19
31        android:name="io.flutter.app.FlutterApplication"
31-->src\main\AndroidManifest.xml:9:9-57
32        android:appComponentFactory="androidx.core.app.CoreComponentFactory"
32-->[androidx.core:core:1.1.0] AndroidManifest.xml:24:18-86
33        android:debuggable="true"
34        android:icon="@mipmap/ic_launcher"
34-->src\main\AndroidManifest.xml:11:9-43
35        android:label="docme" >
35-->src\main\AndroidManifest.xml:10:9-30
36        <activity
36-->src\main\AndroidManifest.xml:12:9-40:20
37            android:name="com.fire.docme.MainActivity"
37-->src\main\AndroidManifest.xml:13:13-41
38            android:configChanges="orientation|keyboardHidden|keyboard|screenSize|smallestScreenSize|locale|layoutDirection|fontScale|screenLayout|density|uiMode"
38-->src\main\AndroidManifest.xml:16:13-163
39            android:hardwareAccelerated="true"
39-->src\main\AndroidManifest.xml:17:13-47
40            android:launchMode="singleTop"
40-->src\main\AndroidManifest.xml:14:13-43
41            android:theme="@style/LaunchTheme"
41-->src\main\AndroidManifest.xml:15:13-47
42            android:windowSoftInputMode="adjustResize" >
42-->src\main\AndroidManifest.xml:18:13-55
43
44            <!--
45                 Specifies an Android theme to apply to this Activity as soon as
46                 the Android process has started. This theme is visible to the user
47                 while the Flutter UI initializes. After that, this theme continues
48                 to determine the Window background behind the Flutter UI.
49            -->
50            <meta-data
50-->src\main\AndroidManifest.xml:23:13-26:17
51                android:name="io.flutter.embedding.android.NormalTheme"
51-->src\main\AndroidManifest.xml:24:15-70
52                android:resource="@style/NormalTheme" />
52-->src\main\AndroidManifest.xml:25:15-52
53            <!--
54                 Displays an Android View that continues showing the launch screen
55                 Drawable until Flutter paints its first frame, then this splash
56                 screen fades out. A splash screen is useful to avoid any visual
57                 gap between the end of Android's launch screen and the painting of
58                 Flutter's first frame.
59            -->
60            <meta-data
60-->src\main\AndroidManifest.xml:32:13-35:17
61                android:name="io.flutter.embedding.android.SplashScreenDrawable"
61-->src\main\AndroidManifest.xml:33:15-79
62                android:resource="@drawable/launch_background" />
62-->src\main\AndroidManifest.xml:34:15-61
63
64            <intent-filter>
64-->src\main\AndroidManifest.xml:36:13-39:29
65                <action android:name="android.intent.action.MAIN" />
65-->src\main\AndroidManifest.xml:37:17-68
65-->src\main\AndroidManifest.xml:37:25-66
66
67                <category android:name="android.intent.category.LAUNCHER" />
67-->src\main\AndroidManifest.xml:38:17-76
67-->src\main\AndroidManifest.xml:38:27-74
68            </intent-filter>
69        </activity>
70
71        <meta-data
71-->src\main\AndroidManifest.xml:41:9-42:77
72            android:name="com.google.android.geo.API_KEY"
72-->src\main\AndroidManifest.xml:41:20-65
73            android:value="AIzaSyCxPI7efyfsPyT8v2TUodknrWqLGEaxdFQ" />
73-->src\main\AndroidManifest.xml:42:20-75
74        <!--
75             Don't delete the meta-data below.
76             This is used by the Flutter tool to generate GeneratedPluginRegistrant.java
77        -->
78        <meta-data
78-->src\main\AndroidManifest.xml:45:9-47:33
79            android:name="flutterEmbedding"
79-->src\main\AndroidManifest.xml:46:13-44
80            android:value="2" />
80-->src\main\AndroidManifest.xml:47:13-30
81
82        <service
82-->[:firebase_auth] AndroidManifest.xml:8:9-12:19
83            android:name="com.google.firebase.components.ComponentDiscoveryService"
83-->[:firebase_auth] AndroidManifest.xml:8:18-89
84            android:directBootAware="true"
84-->[com.google.firebase:firebase-common:19.3.0] AndroidManifest.xml:34:13-43
85            android:exported="false" >
85-->[com.google.firebase:firebase-auth:19.2.0] AndroidManifest.xml:35:13-37
86            <meta-data
86-->[:firebase_auth] AndroidManifest.xml:9:13-11:85
87                android:name="com.google.firebase.components:io.flutter.plugins.firebaseauth.FlutterFirebaseAppRegistrar"
87-->[:firebase_auth] AndroidManifest.xml:10:17-122
88                android:value="com.google.firebase.components.ComponentRegistrar" />
88-->[:firebase_auth] AndroidManifest.xml:11:17-82
89            <meta-data
89-->[:cloud_firestore] AndroidManifest.xml:9:13-11:85
90                android:name="com.google.firebase.components:io.flutter.plugins.firebase.cloudfirestore.FlutterFirebaseAppRegistrar"
90-->[:cloud_firestore] AndroidManifest.xml:10:17-133
91                android:value="com.google.firebase.components.ComponentRegistrar" />
91-->[:cloud_firestore] AndroidManifest.xml:11:17-82
92            <meta-data
92-->[:firebase_database] AndroidManifest.xml:9:13-11:85
93                android:name="com.google.firebase.components:io.flutter.plugins.firebase.database.FlutterFirebaseAppRegistrar"
93-->[:firebase_database] AndroidManifest.xml:10:17-127
94                android:value="com.google.firebase.components.ComponentRegistrar" />
94-->[:firebase_database] AndroidManifest.xml:11:17-82
95            <meta-data
95-->[:firebase_core] AndroidManifest.xml:9:13-11:85
96                android:name="com.google.firebase.components:io.flutter.plugins.firebase.core.FlutterFirebaseAppRegistrar"
96-->[:firebase_core] AndroidManifest.xml:10:17-123
97                android:value="com.google.firebase.components.ComponentRegistrar" />
97-->[:firebase_core] AndroidManifest.xml:11:17-82
98            <meta-data
98-->[com.google.firebase:firebase-auth:19.2.0] AndroidManifest.xml:36:13-38:85
99                android:name="com.google.firebase.components:com.google.firebase.auth.FirebaseAuthRegistrar"
99-->[com.google.firebase:firebase-auth:19.2.0] AndroidManifest.xml:37:17-109
100                android:value="com.google.firebase.components.ComponentRegistrar" />
100-->[com.google.firebase:firebase-auth:19.2.0] AndroidManifest.xml:38:17-82
101            <meta-data
101-->[com.google.android.gms:play-services-measurement-api:17.2.2] AndroidManifest.xml:30:13-32:85
102                android:name="com.google.firebase.components:com.google.firebase.analytics.connector.internal.AnalyticsConnectorRegistrar"
102-->[com.google.android.gms:play-services-measurement-api:17.2.2] AndroidManifest.xml:31:17-139
103                android:value="com.google.firebase.components.ComponentRegistrar" />
103-->[com.google.android.gms:play-services-measurement-api:17.2.2] AndroidManifest.xml:32:17-82
104            <meta-data
104-->[com.google.firebase:firebase-firestore:21.3.0] AndroidManifest.xml:20:13-22:85
105                android:name="com.google.firebase.components:com.google.firebase.firestore.FirestoreRegistrar"
105-->[com.google.firebase:firebase-firestore:21.3.0] AndroidManifest.xml:21:17-111
106                android:value="com.google.firebase.components.ComponentRegistrar" />
106-->[com.google.firebase:firebase-firestore:21.3.0] AndroidManifest.xml:22:17-82
107            <meta-data
107-->[com.google.firebase:firebase-database:17.0.0] AndroidManifest.xml:30:13-32:85
108                android:name="com.google.firebase.components:com.google.firebase.database.DatabaseRegistrar"
108-->[com.google.firebase:firebase-database:17.0.0] AndroidManifest.xml:31:17-109
109                android:value="com.google.firebase.components.ComponentRegistrar" />
109-->[com.google.firebase:firebase-database:17.0.0] AndroidManifest.xml:32:17-82
110            <meta-data
110-->[com.google.firebase:firebase-iid:20.0.2] AndroidManifest.xml:32:13-34:85
111                android:name="com.google.firebase.components:com.google.firebase.iid.Registrar"
111-->[com.google.firebase:firebase-iid:20.0.2] AndroidManifest.xml:33:17-96
112                android:value="com.google.firebase.components.ComponentRegistrar" />
112-->[com.google.firebase:firebase-iid:20.0.2] AndroidManifest.xml:34:17-82
113        </service>
114
115        <activity
115-->[:url_launcher] AndroidManifest.xml:8:9-11:74
116            android:name="io.flutter.plugins.urllauncher.WebViewActivity"
116-->[:url_launcher] AndroidManifest.xml:9:13-74
117            android:exported="false"
117-->[:url_launcher] AndroidManifest.xml:10:13-37
118            android:theme="@android:style/Theme.NoTitleBar.Fullscreen" />
118-->[:url_launcher] AndroidManifest.xml:11:13-71
119        <activity
119-->[com.google.firebase:firebase-auth:19.2.0] AndroidManifest.xml:24:9-31:50
120            android:name="com.google.firebase.auth.internal.FederatedSignInActivity"
120-->[com.google.firebase:firebase-auth:19.2.0] AndroidManifest.xml:25:13-85
121            android:excludeFromRecents="true"
121-->[com.google.firebase:firebase-auth:19.2.0] AndroidManifest.xml:26:13-46
122            android:exported="true"
122-->[com.google.firebase:firebase-auth:19.2.0] AndroidManifest.xml:27:13-36
123            android:launchMode="singleTask"
123-->[com.google.firebase:firebase-auth:19.2.0] AndroidManifest.xml:28:13-44
124            android:permission="com.google.firebase.auth.api.gms.permission.LAUNCH_FEDERATED_SIGN_IN"
124-->[com.google.firebase:firebase-auth:19.2.0] AndroidManifest.xml:29:13-102
125            android:theme="@android:style/Theme.Translucent.NoTitleBar" />
125-->[com.google.firebase:firebase-auth:19.2.0] AndroidManifest.xml:30:13-72
126
127        <receiver
127-->[com.google.android.gms:play-services-measurement:17.2.2] AndroidManifest.xml:29:9-33:20
128            android:name="com.google.android.gms.measurement.AppMeasurementReceiver"
128-->[com.google.android.gms:play-services-measurement:17.2.2] AndroidManifest.xml:30:13-85
129            android:enabled="true"
129-->[com.google.android.gms:play-services-measurement:17.2.2] AndroidManifest.xml:31:13-35
130            android:exported="false" >
130-->[com.google.android.gms:play-services-measurement:17.2.2] AndroidManifest.xml:32:13-37
131        </receiver>
132        <receiver
132-->[com.google.android.gms:play-services-measurement:17.2.2] AndroidManifest.xml:34:9-42:20
133            android:name="com.google.android.gms.measurement.AppMeasurementInstallReferrerReceiver"
133-->[com.google.android.gms:play-services-measurement:17.2.2] AndroidManifest.xml:35:13-100
134            android:enabled="true"
134-->[com.google.android.gms:play-services-measurement:17.2.2] AndroidManifest.xml:36:13-35
135            android:exported="true"
135-->[com.google.android.gms:play-services-measurement:17.2.2] AndroidManifest.xml:37:13-36
136            android:permission="android.permission.INSTALL_PACKAGES" >
136-->[com.google.android.gms:play-services-measurement:17.2.2] AndroidManifest.xml:38:13-69
137            <intent-filter>
137-->[com.google.android.gms:play-services-measurement:17.2.2] AndroidManifest.xml:39:13-41:29
138                <action android:name="com.android.vending.INSTALL_REFERRER" />
138-->[com.google.android.gms:play-services-measurement:17.2.2] AndroidManifest.xml:40:17-79
138-->[com.google.android.gms:play-services-measurement:17.2.2] AndroidManifest.xml:40:25-76
139            </intent-filter>
140        </receiver>
141
142        <service
142-->[com.google.android.gms:play-services-measurement:17.2.2] AndroidManifest.xml:44:9-47:40
143            android:name="com.google.android.gms.measurement.AppMeasurementService"
143-->[com.google.android.gms:play-services-measurement:17.2.2] AndroidManifest.xml:45:13-84
144            android:enabled="true"
144-->[com.google.android.gms:play-services-measurement:17.2.2] AndroidManifest.xml:46:13-35
145            android:exported="false" />
145-->[com.google.android.gms:play-services-measurement:17.2.2] AndroidManifest.xml:47:13-37
146        <service
146-->[com.google.android.gms:play-services-measurement:17.2.2] AndroidManifest.xml:48:9-52:72
147            android:name="com.google.android.gms.measurement.AppMeasurementJobService"
147-->[com.google.android.gms:play-services-measurement:17.2.2] AndroidManifest.xml:49:13-87
148            android:enabled="true"
148-->[com.google.android.gms:play-services-measurement:17.2.2] AndroidManifest.xml:50:13-35
149            android:exported="false"
149-->[com.google.android.gms:play-services-measurement:17.2.2] AndroidManifest.xml:51:13-37
150            android:permission="android.permission.BIND_JOB_SERVICE" />
150-->[com.google.android.gms:play-services-measurement:17.2.2] AndroidManifest.xml:52:13-69
151
152        <activity
152-->[com.google.android.gms:play-services-auth:16.0.1] AndroidManifest.xml:23:9-27:75
153            android:name="com.google.android.gms.auth.api.signin.internal.SignInHubActivity"
153-->[com.google.android.gms:play-services-auth:16.0.1] AndroidManifest.xml:24:13-93
154            android:excludeFromRecents="true"
154-->[com.google.android.gms:play-services-auth:16.0.1] AndroidManifest.xml:25:13-46
155            android:exported="false"
155-->[com.google.android.gms:play-services-auth:16.0.1] AndroidManifest.xml:26:13-37
156            android:theme="@android:style/Theme.Translucent.NoTitleBar" />
156-->[com.google.android.gms:play-services-auth:16.0.1] AndroidManifest.xml:27:13-72
157        <!--
158            Service handling Google Sign-In user revocation. For apps that do not integrate with
159            Google Sign-In, this service will never be started.
160        -->
161        <service
161-->[com.google.android.gms:play-services-auth:16.0.1] AndroidManifest.xml:33:9-36:110
162            android:name="com.google.android.gms.auth.api.signin.RevocationBoundService"
162-->[com.google.android.gms:play-services-auth:16.0.1] AndroidManifest.xml:34:13-89
163            android:exported="true"
163-->[com.google.android.gms:play-services-auth:16.0.1] AndroidManifest.xml:35:13-36
164            android:permission="com.google.android.gms.auth.api.signin.permission.REVOCATION_NOTIFICATION" />
164-->[com.google.android.gms:play-services-auth:16.0.1] AndroidManifest.xml:36:13-107
165
166        <receiver
166-->[com.google.firebase:firebase-iid:20.0.2] AndroidManifest.xml:37:9-44:20
167            android:name="com.google.firebase.iid.FirebaseInstanceIdReceiver"
167-->[com.google.firebase:firebase-iid:20.0.2] AndroidManifest.xml:38:13-78
168            android:exported="true"
168-->[com.google.firebase:firebase-iid:20.0.2] AndroidManifest.xml:39:13-36
169            android:permission="com.google.android.c2dm.permission.SEND" >
169-->[com.google.firebase:firebase-iid:20.0.2] AndroidManifest.xml:40:13-73
170            <intent-filter>
170-->[com.google.firebase:firebase-iid:20.0.2] AndroidManifest.xml:41:13-43:29
171                <action android:name="com.google.android.c2dm.intent.RECEIVE" />
171-->[com.google.firebase:firebase-iid:20.0.2] AndroidManifest.xml:42:17-81
171-->[com.google.firebase:firebase-iid:20.0.2] AndroidManifest.xml:42:25-78
172            </intent-filter>
173        </receiver>
174
175        <provider
175-->[com.google.firebase:firebase-common:19.3.0] AndroidManifest.xml:26:9-30:39
176            android:name="com.google.firebase.provider.FirebaseInitProvider"
176-->[com.google.firebase:firebase-common:19.3.0] AndroidManifest.xml:27:13-77
177            android:authorities="com.fire.docme.firebaseinitprovider"
177-->[com.google.firebase:firebase-common:19.3.0] AndroidManifest.xml:28:13-72
178            android:exported="false"
178-->[com.google.firebase:firebase-common:19.3.0] AndroidManifest.xml:29:13-37
179            android:initOrder="100" /> <!-- Needs to be explicitly declared on P+ -->
179-->[com.google.firebase:firebase-common:19.3.0] AndroidManifest.xml:30:13-36
180        <uses-library
180-->[com.google.android.gms:play-services-maps:16.1.0] AndroidManifest.xml:33:9-35:40
181            android:name="org.apache.http.legacy"
181-->[com.google.android.gms:play-services-maps:16.1.0] AndroidManifest.xml:34:13-50
182            android:required="false" />
182-->[com.google.android.gms:play-services-maps:16.1.0] AndroidManifest.xml:35:13-37
183
184        <activity
184-->[com.google.android.gms:play-services-base:17.1.0] AndroidManifest.xml:23:9-26:75
185            android:name="com.google.android.gms.common.api.GoogleApiActivity"
185-->[com.google.android.gms:play-services-base:17.1.0] AndroidManifest.xml:24:13-79
186            android:exported="false"
186-->[com.google.android.gms:play-services-base:17.1.0] AndroidManifest.xml:25:13-37
187            android:theme="@android:style/Theme.Translucent.NoTitleBar" />
187-->[com.google.android.gms:play-services-base:17.1.0] AndroidManifest.xml:26:13-72
188
189        <meta-data
189-->[com.google.android.gms:play-services-basement:17.0.0] AndroidManifest.xml:23:9-25:69
190            android:name="com.google.android.gms.version"
190-->[com.google.android.gms:play-services-basement:17.0.0] AndroidManifest.xml:24:13-58
191            android:value="@integer/google_play_services_version" />
191-->[com.google.android.gms:play-services-basement:17.0.0] AndroidManifest.xml:25:13-66
192    </application>
193
194</manifest>